Planit/build/outputs/logs/manifest-merger-debug-report.txt
-- Merging decision tree log ---
manifest
ADDED from src\main\AndroidManifest.xml:18:1-77:12
	xmlns:android
		ADDED from src\main\AndroidManifest.xml:18:11-69
	package
		ADDED from src\main\AndroidManifest.xml:19:5-37
		INJECTED from src\main\AndroidManifest.xml
		INJECTED from src\main\AndroidManifest.xml
	android:versionName
		ADDED from src\main\AndroidManifest.xml:22:5-33
		INJECTED from src\main\AndroidManifest.xml
		INJECTED from src\main\AndroidManifest.xml
	android:versionCode
		ADDED from src\main\AndroidManifest.xml:21:5-29
		INJECTED from src\main\AndroidManifest.xml
		INJECTED from src\main\AndroidManifest.xml
	android:installLocation
		ADDED from src\main\AndroidManifest.xml:20:5-45
uses-sdk
ADDED from src\main\AndroidManifest.xml:24:5-26:41
MERGED from [com.rmtheis:tess-two:5.4.0] AndroidManifest.xml:22:5-24:41
MERGED from [com.android.support:appcompat-v7:19.1.0] AndroidManifest.xml:18:5-42
	android:targetSdkVersion
		ADDED from src\main\AndroidManifest.xml:26:9-38
		INJECTED from src\main\AndroidManifest.xml
		INJECTED from src\main\AndroidManifest.xml
	android:minSdkVersion
		ADDED from src\main\AndroidManifest.xml:25:9-34
		INJECTED from src\main\AndroidManifest.xml
		INJECTED from src\main\AndroidManifest.xml
supports-screens
ADDED from src\main\AndroidManifest.xml:28:5-32:40
	android:largeScreens
		ADDED from src\main\AndroidManifest.xml:29:9-36
	android:normalScreens
		ADDED from src\main\AndroidManifest.xml:30:9-37
	android:xlargeScreens
		ADDED from src\main\AndroidManifest.xml:32:9-37
	android:smallScreens
		ADDED from src\main\AndroidManifest.xml:31:9-36
uses-feature#android.hardware.camera.autofocus
ADDED from src\main\AndroidManifest.xml:34:5-70
	android:name
		ADDED from src\main\AndroidManifest.xml:34:19-67
uses-feature#android.hardware.camera.flash
ADDED from src\main\AndroidManifest.xml:35:5-37:36
	android:required
		ADDED from src\main\AndroidManifest.xml:37:9-33
	android:name
		ADDED from src\main\AndroidManifest.xml:36:9-53
uses-feature#android.hardware.camera
ADDED from src\main\AndroidManifest.xml:38:5-60
	android:name
		ADDED from src\main\AndroidManifest.xml:38:19-57
uses-feature#android.hardware.screen.landscape
ADDED from src\main\AndroidManifest.xml:39:5-70
	android:name
		ADDED from src\main\AndroidManifest.xml:39:19-67
uses-permission#android.permission.CAMERA
ADDED from src\main\AndroidManifest.xml:41:5-65
	android:name
		ADDED from src\main\AndroidManifest.xml:41:22-62
uses-permission#android.permission.INTERNET
ADDED from src\main\AndroidManifest.xml:42:5-67
	android:name
		ADDED from src\main\AndroidManifest.xml:42:22-64
uses-permission#android.permission.WRITE_EXTERNAL_STORAGE
ADDED from src\main\AndroidManifest.xml:43:5-81
	android:name
		ADDED from src\main\AndroidManifest.xml:43:22-78
android:uses-permission#android.permission.READ_PHONE_STATE
ADDED from src\main\AndroidManifest.xml:45:5-83
	android:name
		ADDED from src\main\AndroidManifest.xml:45:30-80
android:uses-permission#android.permission.READ_EXTERNAL_STORAGE
ADDED from src\main\AndroidManifest.xml:46:5-88
	android:name
		ADDED from src\main\AndroidManifest.xml:46:30-85
application
ADDED from src\main\AndroidManifest.xml:48:5-75:19
MERGED from [com.android.support:appcompat-v7:19.1.0] AndroidManifest.xml:19:5-20
	android:label
		ADDED from src\main\AndroidManifest.xml:50:9-41
	android:icon
		ADDED from src\main\AndroidManifest.xml:49:9-44
activity#edu.sfsu.cs.orange.ocr.CaptureActivity
ADDED from src\main\AndroidManifest.xml:51:9-62:20
	android:windowSoftInputMode
		ADDED from src\main\AndroidManifest.xml:56:13-60
	android:screenOrientation
		ADDED from src\main\AndroidManifest.xml:54:13-50
	android:configChanges
		ADDED from src\main\AndroidManifest.xml:53:13-74
	android:theme
		ADDED from src\main\AndroidManifest.xml:55:13-71
	android:name
		ADDED from src\main\AndroidManifest.xml:52:13-44
intent-filter#android.intent.action.MAIN+android.intent.category.LAUNCHER
ADDED from src\main\AndroidManifest.xml:57:13-61:29
action#android.intent.action.MAIN
ADDED from src\main\AndroidManifest.xml:58:17-69
	android:name
		ADDED from src\main\AndroidManifest.xml:58:25-66
category#android.intent.category.LAUNCHER
ADDED from src\main\AndroidManifest.xml:60:17-77
	android:name
		ADDED from src\main\AndroidManifest.xml:60:27-74
activity#edu.sfsu.cs.orange.ocr.HelpActivity
ADDED from src\main\AndroidManifest.xml:63:9-71:20
	android:screenOrientation
		ADDED from src\main\AndroidManifest.xml:65:13-45
	android:name
		ADDED from src\main\AndroidManifest.xml:64:13-41
intent-filter#android.intent.action.VIEW+android.intent.category.DEFAULT
ADDED from src\main\AndroidManifest.xml:66:13-70:29
action#android.intent.action.VIEW
ADDED from src\main\AndroidManifest.xml:67:17-69
	android:name
		ADDED from src\main\AndroidManifest.xml:67:25-66
category#android.intent.category.DEFAULT
ADDED from src\main\AndroidManifest.xml:69:17-76
	android:name
		ADDED from src\main\AndroidManifest.xml:69:27-73
activity#edu.sfsu.cs.orange.ocr.PreferencesActivity
ADDED from src\main\AndroidManifest.xml:72:9-57
	android:name
		ADDED from src\main\AndroidManifest.xml:72:19-54
activity#edu.sfsu.cs.orange.ocr.language.HandleResultActivity
ADDED from src\main\AndroidManifest.xml:73:9-74:20
	android:name
		ADDED from src\main\AndroidManifest.xml:73:19-64